<?xml version="1.0" encoding="UTF-8"?>
<!-- Generated by org.testng.reporters.JUnitReportReporter -->
<testsuite hostname="DESKTOP-UABRI8V" failures="0" tests="1" name="demo.HomeScreen" time="0.050" errors="0" timestamp="15 Apr 2023 14:52:29 GMT" skipped="0">
  <testcase classname="demo.HomeScreen" name="TC_01" time="0.050"/>
</testsuite> <!-- demo.HomeScreen -->
